Determining if the include file pthread.h exists failed with the following output:
Change Dir: /home/barracuda/corsmal_ws/src/corsmal_hrh/build/CMakeFiles/CMakeTmp

Run Build Command(s):/usr/bin/ninja cmTC_3c69a && [1/2] Building C object CMakeFiles/cmTC_3c69a.dir/CheckIncludeFile.c.o
FAILED: CMakeFiles/cmTC_3c69a.dir/CheckIncludeFile.c.o 
/usr/bin/avr-gcc    -o CMakeFiles/cmTC_3c69a.dir/CheckIncludeFile.c.o   -c CheckIncludeFile.c
CheckIncludeFile.c:1:21: fatal error: pthread.h: No such file or directory
compilation terminated.
ninja: build stopped: subcommand failed.



